# JRE version: OpenJDK Runtime Environment (8.0_152-b02) (build 1.8.0_152-release-1024-b02)
# Java VM: OpenJDK 64-Bit Server VM (25.152-b02 mixed mode windows-amd64 compressed oops)
Heap:
 PSYoungGen      total 114176K, used 50661K [0x00000000e0000000, 0x00000000ea680000, 0x0000000100000000)
  eden space 91136K, 30% used [0x00000000e0000000,0x00000000e1b21738,0x00000000e5900000)
  from space 23040K, 99% used [0x00000000e9000000,0x00000000ea657d40,0x00000000ea680000)
  to   space 33280K, 0% used [0x00000000e6580000,0x00000000e6580000,0x00000000e8600000)
 ParOldGen       total 206848K, used 19660K [0x00000000a0000000, 0x00000000aca00000, 0x00000000e0000000)
  object space 206848K, 9% used [0x00000000a0000000,0x00000000a1333098,0x00000000aca00000)
 Metaspace       used 53515K, capacity 54479K, committed 54656K, reserved 1097728K
  class space    used 6429K, capacity 6669K, committed 6784K, reserved 1048576K
GC Heap History (10 events):
Event: 4.144 GC heap before
{Heap before GC invocations=8 (full 3):
 PSYoungGen      total 96768K, used 86016K [0x00000000e0000000, 0x00000000e6f00000, 0x0000000100000000)
  eden space 86016K, 100% used [0x00000000e0000000,0x00000000e5400000,0x00000000e5400000)
  from space 10752K, 0% used [0x00000000e5e80000,0x00000000e5e80000,0x00000000e6900000)
  to   space 10752K, 0% used [0x00000000e5400000,0x00000000e5400000,0x00000000e5e80000)
 ParOldGen       total 206848K, used 18338K [0x00000000a0000000, 0x00000000aca00000, 0x00000000e0000000)
  object space 206848K, 8% used [0x00000000a0000000,0x00000000a11e8a50,0x00000000aca00000)
 Metaspace       used 41878K, capacity 42644K, committed 42880K, reserved 1087488K
  class space    used 5274K, capacity 5448K, committed 5504K, reserved 1048576K
Event: 4.158 GC heap after
Heap after GC invocations=8 (full 3):
 PSYoungGen      total 96768K, used 10749K [0x00000000e0000000, 0x00000000e8600000, 0x0000000100000000)
  eden space 86016K, 0% used [0x00000000e0000000,0x00000000e0000000,0x00000000e5400000)
  from space 10752K, 99% used [0x00000000e5400000,0x00000000e5e7f420,0x00000000e5e80000)
  to   space 10752K, 0% used [0x00000000e7b80000,0x00000000e7b80000,0x00000000e8600000)
 ParOldGen       total 206848K, used 30008K [0x00000000a0000000, 0x00000000aca00000, 0x00000000e0000000)
  object space 206848K, 14% used [0x00000000a0000000,0x00000000a1d4e280,0x00000000aca00000)
 Metaspace       used 41878K, capacity 42644K, committed 42880K, reserved 1087488K
  class space    used 5274K, capacity 5448K, committed 5504K, reserved 1048576K
}
Event: 5.523 GC heap before
{Heap before GC invocations=9 (full 3):
 PSYoungGen      total 96768K, used 96765K [0x00000000e0000000, 0x00000000e8600000, 0x0000000100000000)
  eden space 86016K, 100% used [0x00000000e0000000,0x00000000e5400000,0x00000000e5400000)
  from space 10752K, 99% used [0x00000000e5400000,0x00000000e5e7f420,0x00000000e5e80000)
  to   space 10752K, 0% used [0x00000000e7b80000,0x00000000e7b80000,0x00000000e8600000)
 ParOldGen       total 206848K, used 30008K [0x00000000a0000000, 0x00000000aca00000, 0x00000000e0000000)
  object space 206848K, 14% used [0x00000000a0000000,0x00000000a1d4e280,0x00000000aca00000)
 Metaspace       used 51492K, capacity 52381K, committed 52736K, reserved 1095680K
  class space    used 6338K, capacity 6560K, committed 6656K, reserved 1048576K
Event: 5.539 GC heap after
Heap after GC invocations=9 (full 3):
 PSYoungGen      total 103424K, used 10745K [0x00000000e0000000, 0x00000000eb280000, 0x0000000100000000)
  eden space 92672K, 0% used [0x00000000e0000000,0x00000000e0000000,0x00000000e5a80000)
  from space 10752K, 99% used [0x00000000e7b80000,0x00000000e85fe7e8,0x00000000e8600000)
  to   space 33792K, 0% used [0x00000000e5a80000,0x00000000e5a80000,0x00000000e7b80000)
 ParOldGen       total 206848K, used 49421K [0x00000000a0000000, 0x00000000aca00000, 0x00000000e0000000)
  object space 206848K, 23% used [0x00000000a0000000,0x00000000a30436c0,0x00000000aca00000)
 Metaspace       used 51492K, capacity 52381K, committed 52736K, reserved 1095680K
  class space    used 6338K, capacity 6560K, committed 6656K, reserved 1048576K
}
Event: 3603.076 GC heap before
{Heap before GC invocations=10 (full 3):
 PSYoungGen      total 103424K, used 26903K [0x00000000e0000000, 0x00000000eb280000, 0x0000000100000000)
  eden space 92672K, 17% used [0x00000000e0000000,0x00000000e0fc7590,0x00000000e5a80000)
  from space 10752K, 99% used [0x00000000e7b80000,0x00000000e85fe7e8,0x00000000e8600000)
  to   space 33792K, 0% used [0x00000000e5a80000,0x00000000e5a80000,0x00000000e7b80000)
 ParOldGen       total 206848K, used 49421K [0x00000000a0000000, 0x00000000aca00000, 0x00000000e0000000)
  object space 206848K, 23% used [0x00000000a0000000,0x00000000a30436c0,0x00000000aca00000)
 Metaspace       used 52544K, capacity 53461K, committed 53760K, reserved 1095680K
  class space    used 6417K, capacity 6636K, committed 6656K, reserved 1048576K
Event: 3603.104 GC heap after
Heap after GC invocations=10 (full 3):
 PSYoungGen      total 126464K, used 12102K [0x00000000e0000000, 0x00000000eaf80000, 0x0000000100000000)
  eden space 92672K, 0% used [0x00000000e0000000,0x00000000e0000000,0x00000000e5a80000)
  from space 33792K, 35% used [0x00000000e5a80000,0x00000000e6651b48,0x00000000e7b80000)
  to   space 32256K, 0% used [0x00000000e9000000,0x00000000e9000000,0x00000000eaf80000)
 ParOldGen       total 206848K, used 49429K [0x00000000a0000000, 0x00000000aca00000, 0x00000000e0000000)
  object space 206848K, 23% used [0x00000000a0000000,0x00000000a30456c0,0x00000000aca00000)
 Metaspace       used 52544K, capacity 53461K, committed 53760K, reserved 1095680K
  class space    used 6417K, capacity 6636K, committed 6656K, reserved 1048576K
}
Event: 3603.104 GC heap before
{Heap before GC invocations=11 (full 4):
 PSYoungGen      total 126464K, used 12102K [0x00000000e0000000, 0x00000000eaf80000, 0x0000000100000000)
  eden space 92672K, 0% used [0x00000000e0000000,0x00000000e0000000,0x00000000e5a80000)
  from space 33792K, 35% used [0x00000000e5a80000,0x00000000e6651b48,0x00000000e7b80000)
  to   space 32256K, 0% used [0x00000000e9000000,0x00000000e9000000,0x00000000eaf80000)
 ParOldGen       total 206848K, used 49429K [0x00000000a0000000, 0x00000000aca00000, 0x00000000e0000000)
  object space 206848K, 23% used [0x00000000a0000000,0x00000000a30456c0,0x00000000aca00000)
 Metaspace       used 52544K, capacity 53461K, committed 53760K, reserved 1095680K
  class space    used 6417K, capacity 6636K, committed 6656K, reserved 1048576K
Event: 3603.188 GC heap after
Heap after GC invocations=11 (full 4):
 PSYoungGen      total 126464K, used 0K [0x00000000e0000000, 0x00000000eaf80000, 0x0000000100000000)
  eden space 92672K, 0% used [0x00000000e0000000,0x00000000e0000000,0x00000000e5a80000)
  from space 33792K, 0% used [0x00000000e5a80000,0x00000000e5a80000,0x00000000e7b80000)
  to   space 32256K, 0% used [0x00000000e9000000,0x00000000e9000000,0x00000000eaf80000)
 ParOldGen       total 206848K, used 19652K [0x00000000a0000000, 0x00000000aca00000, 0x00000000e0000000)
  object space 206848K, 9% used [0x00000000a0000000,0x00000000a1331098,0x00000000aca00000)
 Metaspace       used 52034K, capacity 52833K, committed 53760K, reserved 1095680K
  class space    used 6343K, capacity 6522K, committed 6656K, reserved 1048576K
}
Event: 4087.568 GC heap before
{Heap before GC invocations=12 (full 4):
 PSYoungGen      total 126464K, used 92672K [0x00000000e0000000, 0x00000000eaf80000, 0x0000000100000000)
  eden space 92672K, 100% used [0x00000000e0000000,0x00000000e5a80000,0x00000000e5a80000)
  from space 33792K, 0% used [0x00000000e5a80000,0x00000000e5a80000,0x00000000e7b80000)
  to   space 32256K, 0% used [0x00000000e9000000,0x00000000e9000000,0x00000000eaf80000)
 ParOldGen       total 206848K, used 19652K [0x00000000a0000000, 0x00000000aca00000, 0x00000000e0000000)
  object space 206848K, 9% used [0x00000000a0000000,0x00000000a1331098,0x00000000aca00000)
 Metaspace       used 53064K, capacity 54003K, committed 54272K, reserved 1097728K
  class space    used 6400K, capacity 6599K, committed 6656K, reserved 1048576K
Event: 4087.588 GC heap after
Heap after GC invocations=12 (full 4):
 PSYoungGen      total 114176K, used 22879K [0x00000000e0000000, 0x00000000ea680000, 0x0000000100000000)
  eden space 91136K, 0% used [0x00000000e0000000,0x00000000e0000000,0x00000000e5900000)
  from space 23040K, 99% used [0x00000000e9000000,0x00000000ea657d40,0x00000000ea680000)
  to   space 33280K, 0% used [0x00000000e6580000,0x00000000e6580000,0x00000000e8600000)
 ParOldGen       total 206848K, used 19660K [0x00000000a0000000, 0x00000000aca00000, 0x00000000e0000000)
  object space 206848K, 9% used [0x00000000a0000000,0x00000000a1333098,0x00000000aca00000)
 Metaspace       used 53064K, capacity 54003K, committed 54272K, reserved 1097728K
  class space    used 6400K, capacity 6599K, committed 6656K, reserved 1048576K
}

